<?xml version="1.0" encoding="UTF-8"?>
<!-- Generated by org.testng.reporters.JUnitReportReporter -->
<testsuite hostname="HpPoonam" failures="0" tests="1" name="package2.M3" time="0.034" errors="0" timestamp="2023-09-02T10:15:16 IST" skipped="0">
  <testcase classname="package2.M3" name="methodInPackage2" time="0.034"/>
</testsuite> <!-- package2.M3 -->
