<?xml version="1.0" encoding="UTF-8"?>
<!-- Generated by org.testng.reporters.JUnitReportReporter -->
<testsuite hostname="HpPoonam" failures="0" tests="1" name="Utility.XLUtils" time="0.991" errors="0" timestamp="2023-09-02T22:00:19 IST" skipped="0">
  <testcase classname="Utility.XLUtils" name="getExcelData" time="0.991"/>
</testsuite> <!-- Utility.XLUtils -->
