<?xml version="1.0" encoding="UTF-8"?>
<!-- Generated by org.testng.reporters.JUnitReportReporter -->
<testsuite hostname="HpPoonam" failures="0" tests="1" name="Utility.ExcelReader" time="0.919" errors="0" timestamp="2023-09-02T16:16:03 IST" skipped="0">
  <testcase classname="Utility.ExcelReader" name="readExcelFile" time="0.919"/>
</testsuite> <!-- Utility.ExcelReader -->
