<?xml version="1.0" encoding="UTF-8"?>
<!-- Generated by org.testng.reporters.JUnitReportReporter -->
<testsuite hostname="HpPoonam" failures="0" tests="1" name="package3.M4" time="0.022" errors="0" timestamp="2023-09-02T11:01:50 IST" skipped="0">
  <testcase classname="package3.M4" name="methodInPackage3" time="0.022"/>
</testsuite> <!-- package3.M4 -->
