<?xml version="1.0" encoding="UTF-8"?>
<!-- Generated by org.testng.reporters.JUnitReportReporter -->
<testsuite hostname="HpPoonam" failures="0" tests="1" name="LearnParameterization.LearnParameterization" time="5.602" errors="0" timestamp="2023-09-02T11:17:48 IST" skipped="0">
  <testcase classname="LearnParameterization.LearnParameterization" name="LaunchBrowser" time="5.602"/>
</testsuite> <!-- LearnParameterization.LearnParameterization -->
