<?xml version="1.0" encoding="UTF-8"?>
<!-- Generated by org.testng.reporters.JUnitReportReporter -->
<testsuite hostname="HpPoonam" failures="0" tests="1" name="GettingStartedWithTestNG.M1" time="0.007" errors="0" timestamp="2023-09-02T11:01:50 IST" skipped="0">
  <testcase classname="GettingStartedWithTestNG.M1" name="t4" time="0.007"/>
</testsuite> <!-- GettingStartedWithTestNG.M1 -->
