<?xml version="1.0" encoding="UTF-8"?>
<!-- Generated by org.testng.reporters.JUnitReportReporter -->
<testsuite hostname="HpPoonam" failures="0" tests="1" name="GettingStartedWithTestNG.OpenFB" time="7.380" errors="0" timestamp="2023-09-02T09:37:16 IST" skipped="0">
  <testcase classname="GettingStartedWithTestNG.OpenFB" name="OpenFB" time="7.380"/>
</testsuite> <!-- GettingStartedWithTestNG.OpenFB -->
