<?xml version="1.0" encoding="UTF-8"?>
<!-- Generated by org.testng.reporters.JUnitReportReporter -->
<testsuite hostname="HpPoonam" failures="0" tests="6" name="GettingStartedWithTestNG.M2" time="0.002" errors="0" timestamp="2023-09-02T11:01:50 IST" skipped="5">
  <testcase classname="GettingStartedWithTestNG.M2" name="t7" time="0.002"/>
  <testcase classname="GettingStartedWithTestNG.M2" name="t10">
    <skipped/>
  </testcase> <!-- t10 -->
  <testcase classname="GettingStartedWithTestNG.M2" name="t9">
    <skipped/>
  </testcase> <!-- t9 -->
  <testcase classname="GettingStartedWithTestNG.M2" name="t8">
    <skipped/>
  </testcase> <!-- t8 -->
  <testcase classname="GettingStartedWithTestNG.M2" name="t11">
    <skipped/>
  </testcase> <!-- t11 -->
  <testcase classname="GettingStartedWithTestNG.M2" name="t12">
    <skipped/>
  </testcase> <!-- t12 -->
</testsuite> <!-- GettingStartedWithTestNG.M2 -->
